# JRE version: Java(TM) SE Runtime Environment (8.0_101-b13) (build 1.8.0_101-b13)
# Java VM: Java HotSpot(TM) 64-Bit Server VM (25.101-b13 mixed mode windows-amd64 compressed oops)
Heap:
 PSYoungGen      total 327680K, used 178748K [0x00000000eab00000, 0x00000000ff600000, 0x0000000100000000)
  eden space 318976K, 53% used [0x00000000eab00000,0x00000000f5157ec8,0x00000000fe280000)
  from space 8704K, 96% used [0x00000000fed80000,0x00000000ff5b7318,0x00000000ff600000)
  to   space 9216K, 0% used [0x00000000fe400000,0x00000000fe400000,0x00000000fed00000)
 ParOldGen       total 111104K, used 67349K [0x00000000c0000000, 0x00000000c6c80000, 0x00000000eab00000)
  object space 111104K, 60% used [0x00000000c0000000,0x00000000c41c5598,0x00000000c6c80000)
 Metaspace       used 87905K, capacity 97388K, committed 97624K, reserved 1134592K
  class space    used 10481K, capacity 13353K, committed 13400K, reserved 1048576K
GC Heap History (10 events):
Event: 12442.858 GC heap before
{Heap before GC invocations=337 (full 7):
 PSYoungGen      total 283136K, used 283104K [0x00000000eab00000, 0x00000000fd700000, 0x0000000100000000)
  eden space 276480K, 100% used [0x00000000eab00000,0x00000000fb900000,0x00000000fb900000)
  from space 6656K, 99% used [0x00000000fb900000,0x00000000fbf78000,0x00000000fbf80000)
  to   space 6656K, 0% used [0x00000000fd080000,0x00000000fd080000,0x00000000fd700000)
 ParOldGen       total 111104K, used 66301K [0x00000000c0000000, 0x00000000c6c80000, 0x00000000eab00000)
  object space 111104K, 59% used [0x00000000c0000000,0x00000000c40bf598,0x00000000c6c80000)
 Metaspace       used 87900K, capacity 97388K, committed 97624K, reserved 1134592K
  class space    used 10481K, capacity 13353K, committed 13400K, reserved 1048576K
Event: 12442.898 GC heap after
Heap after GC invocations=337 (full 7):
 PSYoungGen      total 297472K, used 6656K [0x00000000eab00000, 0x00000000fd700000, 0x0000000100000000)
  eden space 290816K, 0% used [0x00000000eab00000,0x00000000eab00000,0x00000000fc700000)
  from space 6656K, 100% used [0x00000000fd080000,0x00000000fd700000,0x00000000fd700000)
  to   space 7168K, 0% used [0x00000000fc900000,0x00000000fc900000,0x00000000fd000000)
 ParOldGen       total 111104K, used 66565K [0x00000000c0000000, 0x00000000c6c80000, 0x00000000eab00000)
  object space 111104K, 59% used [0x00000000c0000000,0x00000000c4101598,0x00000000c6c80000)
 Metaspace       used 87900K, capacity 97388K, committed 97624K, reserved 1134592K
  class space    used 10481K, capacity 13353K, committed 13400K, reserved 1048576K
}
Event: 12449.325 GC heap before
{Heap before GC invocations=338 (full 7):
 PSYoungGen      total 297472K, used 297472K [0x00000000eab00000, 0x00000000fd700000, 0x0000000100000000)
  eden space 290816K, 100% used [0x00000000eab00000,0x00000000fc700000,0x00000000fc700000)
  from space 6656K, 100% used [0x00000000fd080000,0x00000000fd700000,0x00000000fd700000)
  to   space 7168K, 0% used [0x00000000fc900000,0x00000000fc900000,0x00000000fd000000)
 ParOldGen       total 111104K, used 66565K [0x00000000c0000000, 0x00000000c6c80000, 0x00000000eab00000)
  object space 111104K, 59% used [0x00000000c0000000,0x00000000c4101598,0x00000000c6c80000)
 Metaspace       used 87900K, capacity 97388K, committed 97624K, reserved 1134592K
  class space    used 10481K, capacity 13353K, committed 13400K, reserved 1048576K
Event: 12449.361 GC heap after
Heap after GC invocations=338 (full 7):
 PSYoungGen      total 300032K, used 6976K [0x00000000eab00000, 0x00000000fe600000, 0x0000000100000000)
  eden space 292864K, 0% used [0x00000000eab00000,0x00000000eab00000,0x00000000fc900000)
  from space 7168K, 97% used [0x00000000fc900000,0x00000000fcfd0000,0x00000000fd000000)
  to   space 7680K, 0% used [0x00000000fde80000,0x00000000fde80000,0x00000000fe600000)
 ParOldGen       total 111104K, used 66573K [0x00000000c0000000, 0x00000000c6c80000, 0x00000000eab00000)
  object space 111104K, 59% used [0x00000000c0000000,0x00000000c4103598,0x00000000c6c80000)
 Metaspace       used 87900K, capacity 97388K, committed 97624K, reserved 1134592K
  class space    used 10481K, capacity 13353K, committed 13400K, reserved 1048576K
}
Event: 12456.941 GC heap before
{Heap before GC invocations=339 (full 7):
 PSYoungGen      total 300032K, used 299840K [0x00000000eab00000, 0x00000000fe600000, 0x0000000100000000)
  eden space 292864K, 100% used [0x00000000eab00000,0x00000000fc900000,0x00000000fc900000)
  from space 7168K, 97% used [0x00000000fc900000,0x00000000fcfd0000,0x00000000fd000000)
  to   space 7680K, 0% used [0x00000000fde80000,0x00000000fde80000,0x00000000fe600000)
 ParOldGen       total 111104K, used 66573K [0x00000000c0000000, 0x00000000c6c80000, 0x00000000eab00000)
  object space 111104K, 59% used [0x00000000c0000000,0x00000000c4103598,0x00000000c6c80000)
 Metaspace       used 87900K, capacity 97388K, committed 97624K, reserved 1134592K
  class space    used 10481K, capacity 13353K, committed 13400K, reserved 1048576K
Event: 12456.980 GC heap after
Heap after GC invocations=339 (full 7):
 PSYoungGen      total 314880K, used 6912K [0x00000000eab00000, 0x00000000fe880000, 0x0000000100000000)
  eden space 307200K, 0% used [0x00000000eab00000,0x00000000eab00000,0x00000000fd700000)
  from space 7680K, 90% used [0x00000000fde80000,0x00000000fe540000,0x00000000fe600000)
  to   space 7680K, 0% used [0x00000000fd700000,0x00000000fd700000,0x00000000fde80000)
 ParOldGen       total 111104K, used 66573K [0x00000000c0000000, 0x00000000c6c80000, 0x00000000eab00000)
  object space 111104K, 59% used [0x00000000c0000000,0x00000000c4103598,0x00000000c6c80000)
 Metaspace       used 87900K, capacity 97388K, committed 97624K, reserved 1134592K
  class space    used 10481K, capacity 13353K, committed 13400K, reserved 1048576K
}
Event: 14446.001 GC heap before
{Heap before GC invocations=340 (full 7):
 PSYoungGen      total 314880K, used 314112K [0x00000000eab00000, 0x00000000fe880000, 0x0000000100000000)
  eden space 307200K, 100% used [0x00000000eab00000,0x00000000fd700000,0x00000000fd700000)
  from space 7680K, 90% used [0x00000000fde80000,0x00000000fe540000,0x00000000fe600000)
  to   space 7680K, 0% used [0x00000000fd700000,0x00000000fd700000,0x00000000fde80000)
 ParOldGen       total 111104K, used 66573K [0x00000000c0000000, 0x00000000c6c80000, 0x00000000eab00000)
  object space 111104K, 59% used [0x00000000c0000000,0x00000000c4103598,0x00000000c6c80000)
 Metaspace       used 87904K, capacity 97388K, committed 97624K, reserved 1134592K
  class space    used 10481K, capacity 13353K, committed 13400K, reserved 1048576K
Event: 14446.055 GC heap after
Heap after GC invocations=340 (full 7):
 PSYoungGen      total 314880K, used 7677K [0x00000000eab00000, 0x00000000ff600000, 0x0000000100000000)
  eden space 307200K, 0% used [0x00000000eab00000,0x00000000eab00000,0x00000000fd700000)
  from space 7680K, 99% used [0x00000000fd700000,0x00000000fde7f650,0x00000000fde80000)
  to   space 8704K, 0% used [0x00000000fed80000,0x00000000fed80000,0x00000000ff600000)
 ParOldGen       total 111104K, used 67349K [0x00000000c0000000, 0x00000000c6c80000, 0x00000000eab00000)
  object space 111104K, 60% used [0x00000000c0000000,0x00000000c41c5598,0x00000000c6c80000)
 Metaspace       used 87904K, capacity 97388K, committed 97624K, reserved 1134592K
  class space    used 10481K, capacity 13353K, committed 13400K, reserved 1048576K
}
Event: 16952.253 GC heap before
{Heap before GC invocations=341 (full 7):
 PSYoungGen      total 314880K, used 314877K [0x00000000eab00000, 0x00000000ff600000, 0x0000000100000000)
  eden space 307200K, 100% used [0x00000000eab00000,0x00000000fd700000,0x00000000fd700000)
  from space 7680K, 99% used [0x00000000fd700000,0x00000000fde7f650,0x00000000fde80000)
  to   space 8704K, 0% used [0x00000000fed80000,0x00000000fed80000,0x00000000ff600000)
 ParOldGen       total 111104K, used 67349K [0x00000000c0000000, 0x00000000c6c80000, 0x00000000eab00000)
  object space 111104K, 60% used [0x00000000c0000000,0x00000000c41c5598,0x00000000c6c80000)
 Metaspace       used 87904K, capacity 97388K, committed 97624K, reserved 1134592K
  class space    used 10481K, capacity 13353K, committed 13400K, reserved 1048576K
Event: 16952.442 GC heap after
Heap after GC invocations=341 (full 7):
 PSYoungGen      total 327680K, used 8412K [0x00000000eab00000, 0x00000000ff600000, 0x0000000100000000)
  eden space 318976K, 0% used [0x00000000eab00000,0x00000000eab00000,0x00000000fe280000)
  from space 8704K, 96% used [0x00000000fed80000,0x00000000ff5b7318,0x00000000ff600000)
  to   space 9216K, 0% used [0x00000000fe400000,0x00000000fe400000,0x00000000fed00000)
 ParOldGen       total 111104K, used 67349K [0x00000000c0000000, 0x00000000c6c80000, 0x00000000eab00000)
  object space 111104K, 60% used [0x00000000c0000000,0x00000000c41c5598,0x00000000c6c80000)
 Metaspace       used 87904K, capacity 97388K, committed 97624K, reserved 1134592K
  class space    used 10481K, capacity 13353K, committed 13400K, reserved 1048576K
}

